This is pdfTeX, Version 3.141592653-2.6-1.40.25 (MiKTeX 23.10) (preloaded format=pdflatex 2024.10.1)  10 APR 2025 20:43
entering extended mode
 restricted \write18 enabled.
 %&-line parsing enabled.
**./resume.tex
(resume.tex
LaTeX2e <2023-06-01> patch level 1
L3 programming layer <2023-08-29>
(C:\Program Files\MiKTeX\tex/latex/base\article.cls
Document Class: article 2023/05/17 v1.4n Standard LaTeX document class
(C:\Program Files\MiKTeX\tex/latex/base\size11.clo
File: size11.clo 2023/05/17 v1.4n Standard LaTeX file (size option)
)
\c@part=\count185
\c@section=\count186
\c@subsection=\count187
\c@subsubsection=\count188
\c@paragraph=\count189
\c@subparagraph=\count190
\c@figure=\count191
\c@table=\count192
\abovecaptionskip=\skip48
\belowcaptionskip=\skip49
\bibindent=\dimen140
)
(C:\Users\dinhduc0794\AppData\Roaming\MiKTeX\tex/latex/fontawesome5\fontawesome
5.sty (C:\Program Files\MiKTeX\tex/latex/l3kernel\expl3.sty
Package: expl3 2023-08-29 L3 programming layer (loader) 

(C:\Program Files\MiKTeX\tex/latex/l3backend\l3backend-pdftex.def
File: l3backend-pdftex.def 2023-04-19 L3 backend support: PDF output (pdfTeX)
\l__color_backend_stack_int=\count193
\l__pdf_internal_box=\box51
))
Package: fontawesome5 2022/05/02 v5.15.4 Font Awesome 5

(C:\Program Files\MiKTeX\tex/latex/l3packages/l3keys2e\l3keys2e.sty
Package: l3keys2e 2023-08-29 LaTeX2e option processing using LaTeX3 keys
)
(C:\Program Files\MiKTeX\tex/latex/l3packages/xparse\xparse.sty
Package: xparse 2023-08-29 L3 Experimental document command parser
)
(C:\Users\dinhduc0794\AppData\Roaming\MiKTeX\tex/latex/fontawesome5\fontawesome
5-generic-helper.sty
Package: fontawesome5-generic-helper 2022/05/02 v5.15.4 non-uTeX helper for fon
tawesome5

(C:\Users\dinhduc0794\AppData\Roaming\MiKTeX\tex/latex/fontawesome5\fontawesome
5-mapping.def))) (C:\Program Files\MiKTeX\tex/latex/base\latexsym.sty
Package: latexsym 1998/08/17 v2.2e Standard LaTeX package (lasy symbols)
\symlasy=\mathgroup4
LaTeX Font Info:    Overwriting symbol font `lasy' in version `bold'
(Font)                  U/lasy/m/n --> U/lasy/b/n on input line 52.
)
(C:\Users\dinhduc0794\AppData\Roaming\MiKTeX\tex/latex/preprint\fullpage.sty
Package: fullpage 1999/02/23 1.1 (PWD)
\FP@margin=\skip50
)
(C:\Users\dinhduc0794\AppData\Roaming\MiKTeX\tex/latex/titlesec\titlesec.sty
Package: titlesec 2023/10/27 v2.16 Sectioning titles
\ttl@box=\box52
\beforetitleunit=\skip51
\aftertitleunit=\skip52
\ttl@plus=\dimen141
\ttl@minus=\dimen142
\ttl@toksa=\toks17
\titlewidth=\dimen143
\titlewidthlast=\dimen144
\titlewidthfirst=\dimen145
)
(C:\Users\dinhduc0794\AppData\Roaming\MiKTeX\tex/latex/marvosym\marvosym.sty
Package: marvosym 2011/07/20 v2.2 Martin Vogel's Symbols font definitions
)
(C:\Program Files\MiKTeX\tex/latex/graphics\color.sty
Package: color 2022/01/06 v1.3d Standard LaTeX Color (DPC)

(C:\Program Files\MiKTeX\tex/latex/graphics-cfg\color.cfg
File: color.cfg 2016/01/02 v1.6 sample color configuration
)
Package color Info: Driver file: pdftex.def on input line 149.

(C:\Program Files\MiKTeX\tex/latex/graphics-def\pdftex.def
File: pdftex.def 2022/09/22 v1.2b Graphics/color driver for pdftex
)
(C:\Program Files\MiKTeX\tex/latex/graphics\dvipsnam.def
File: dvipsnam.def 2016/06/17 v3.0m Driver-dependent file (DPC,SPQR)
)
(C:\Program Files\MiKTeX\tex/latex/graphics\mathcolor.ltx))
(C:\Program Files\MiKTeX\tex/latex/tools\verbatim.sty
Package: verbatim 2022-07-02 v1.5u LaTeX2e package for verbatim enhancements
\every@verbatim=\toks18
\verbatim@line=\toks19
\verbatim@in@stream=\read2
)
(C:\Users\dinhduc0794\AppData\Roaming\MiKTeX\tex/latex/enumitem\enumitem.sty
Package: enumitem 2019/06/20 v3.9 Customized lists
\enitkv@toks@=\toks20
\labelindent=\skip53
\enit@outerparindent=\dimen146
\enit@toks=\toks21
\enit@inbox=\box53
\enit@count@id=\count194
\enitdp@description=\count195
)
(C:\Program Files\MiKTeX\tex/latex/hyperref\hyperref.sty
Package: hyperref 2023-07-08 v7.01b Hypertext links for LaTeX

(C:\Users\dinhduc0794\AppData\Roaming\MiKTeX\tex/generic/ltxcmds\ltxcmds.sty
Package: ltxcmds 2020-05-10 v1.25 LaTeX kernel commands for general use (HO)
)
(C:\Program Files\MiKTeX\tex/generic/iftex\iftex.sty
Package: iftex 2022/02/03 v1.0f TeX engine tests
)
(C:\Program Files\MiKTeX\tex/generic/pdftexcmds\pdftexcmds.sty
Package: pdftexcmds 2020-06-27 v0.33 Utility functions of pdfTeX for LuaTeX (HO
)

(C:\Users\dinhduc0794\AppData\Roaming\MiKTeX\tex/generic/infwarerr\infwarerr.st
y
Package: infwarerr 2019/12/03 v1.5 Providing info/warning/error messages (HO)
)
Package pdftexcmds Info: \pdf@primitive is available.
Package pdftexcmds Info: \pdf@ifprimitive is available.
Package pdftexcmds Info: \pdfdraftmode found.
) (C:\Program Files\MiKTeX\tex/latex/graphics\keyval.sty
Package: keyval 2022/05/29 v1.15 key=value parser (DPC)
\KV@toks@=\toks22
)
(C:\Users\dinhduc0794\AppData\Roaming\MiKTeX\tex/latex/kvsetkeys\kvsetkeys.sty
Package: kvsetkeys 2022-10-05 v1.19 Key value parser (HO)
)
(C:\Users\dinhduc0794\AppData\Roaming\MiKTeX\tex/generic/kvdefinekeys\kvdefinek
eys.sty
Package: kvdefinekeys 2019-12-19 v1.6 Define keys (HO)
)
(C:\Users\dinhduc0794\AppData\Roaming\MiKTeX\tex/generic/pdfescape\pdfescape.st
y
Package: pdfescape 2019/12/09 v1.15 Implements pdfTeX's escape features (HO)
) (C:\Users\dinhduc0794\AppData\Roaming\MiKTeX\tex/latex/hycolor\hycolor.sty
Package: hycolor 2020-01-27 v1.10 Color options for hyperref/bookmark (HO)
)
(C:\Users\dinhduc0794\AppData\Roaming\MiKTeX\tex/latex/letltxmacro\letltxmacro.
sty
Package: letltxmacro 2019/12/03 v1.6 Let assignment for LaTeX macros (HO)
) (C:\Users\dinhduc0794\AppData\Roaming\MiKTeX\tex/latex/auxhook\auxhook.sty
Package: auxhook 2019-12-17 v1.6 Hooks for auxiliary files (HO)
) (C:\Program Files\MiKTeX\tex/latex/hyperref\nameref.sty
Package: nameref 2023-08-07 v2.53 Cross-referencing by name of section

(C:\Users\dinhduc0794\AppData\Roaming\MiKTeX\tex/latex/refcount\refcount.sty
Package: refcount 2019/12/15 v3.6 Data extraction from label references (HO)
)
(C:\Users\dinhduc0794\AppData\Roaming\MiKTeX\tex/generic/gettitlestring\gettitl
estring.sty
Package: gettitlestring 2019/12/15 v1.6 Cleanup title references (HO)

(C:\Users\dinhduc0794\AppData\Roaming\MiKTeX\tex/latex/kvoptions\kvoptions.sty
Package: kvoptions 2022-06-15 v3.15 Key value format for package options (HO)
))
\c@section@level=\count196
) (C:\Program Files\MiKTeX\tex/latex/etoolbox\etoolbox.sty
Package: etoolbox 2020/10/05 v2.5k e-TeX tools for LaTeX (JAW)
\etb@tempcnta=\count197
)
\@linkdim=\dimen147
\Hy@linkcounter=\count198
\Hy@pagecounter=\count199

(C:\Program Files\MiKTeX\tex/latex/hyperref\pd1enc.def
File: pd1enc.def 2023-07-08 v7.01b Hyperref: PDFDocEncoding definition (HO)
Now handling font encoding PD1 ...
... no UTF-8 mapping file for font encoding PD1
)
(C:\Users\dinhduc0794\AppData\Roaming\MiKTeX\tex/generic/intcalc\intcalc.sty
Package: intcalc 2019/12/15 v1.3 Expandable calculations with integers (HO)
)
\Hy@SavedSpaceFactor=\count266

(C:\Program Files\MiKTeX\tex/latex/hyperref\puenc.def
File: puenc.def 2023-07-08 v7.01b Hyperref: PDF Unicode definition (HO)
Now handling font encoding PU ...
... no UTF-8 mapping file for font encoding PU
)
Package hyperref Info: Hyper figures OFF on input line 4167.
Package hyperref Info: Link nesting OFF on input line 4172.
Package hyperref Info: Hyper index ON on input line 4175.
Package hyperref Info: Plain pages OFF on input line 4182.
Package hyperref Info: Backreferencing OFF on input line 4187.
Package hyperref Info: Implicit mode ON; LaTeX internals redefined.
Package hyperref Info: Bookmarks ON on input line 4434.
\c@Hy@tempcnt=\count267

(C:\Program Files\MiKTeX\tex/latex/url\url.sty
\Urlmuskip=\muskip16
Package: url 2013/09/16  ver 3.4  Verb mode for urls, etc.
)
LaTeX Info: Redefining \url on input line 4772.
\XeTeXLinkMargin=\dimen148

(C:\Users\dinhduc0794\AppData\Roaming\MiKTeX\tex/generic/bitset\bitset.sty
Package: bitset 2019/12/09 v1.3 Handle bit-vector datatype (HO)

(C:\Users\dinhduc0794\AppData\Roaming\MiKTeX\tex/generic/bigintcalc\bigintcalc.
sty
Package: bigintcalc 2019/12/15 v1.5 Expandable calculations on big integers (HO
)
))
\Fld@menulength=\count268
\Field@Width=\dimen149
\Fld@charsize=\dimen150
Package hyperref Info: Hyper figures OFF on input line 6051.
Package hyperref Info: Link nesting OFF on input line 6056.
Package hyperref Info: Hyper index ON on input line 6059.
Package hyperref Info: backreferencing OFF on input line 6066.
Package hyperref Info: Link coloring OFF on input line 6071.
Package hyperref Info: Link coloring with OCG OFF on input line 6076.
Package hyperref Info: PDF/A mode OFF on input line 6081.
 (C:\Program Files\MiKTeX\tex/latex/base\atbegshi-ltx.sty
Package: atbegshi-ltx 2021/01/10 v1.0c Emulation of the original atbegshi
package with kernel methods
)
\Hy@abspage=\count269
\c@Item=\count270
\c@Hfootnote=\count271
)
Package hyperref Info: Driver (autodetected): hpdftex.

(C:\Program Files\MiKTeX\tex/latex/hyperref\hpdftex.def
File: hpdftex.def 2023-07-08 v7.01b Hyperref driver for pdfTeX

(C:\Program Files\MiKTeX\tex/latex/base\atveryend-ltx.sty
Package: atveryend-ltx 2020/08/19 v1.0a Emulation of the original atveryend pac
kage
with kernel methods
)
\Fld@listcount=\count272
\c@bookmark@seq@number=\count273

(C:\Users\dinhduc0794\AppData\Roaming\MiKTeX\tex/latex/rerunfilecheck\rerunfile
check.sty
Package: rerunfilecheck 2022-07-10 v1.10 Rerun checks for auxiliary files (HO)

(C:\Users\dinhduc0794\AppData\Roaming\MiKTeX\tex/generic/uniquecounter\uniqueco
unter.sty
Package: uniquecounter 2019/12/15 v1.4 Provide unlimited unique counter (HO)
)
Package uniquecounter Info: New unique counter `rerunfilecheck' on input line 2
85.
)
\Hy@SectionHShift=\skip54
)
(C:\Users\dinhduc0794\AppData\Roaming\MiKTeX\tex/latex/fancyhdr\fancyhdr.sty
Package: fancyhdr 2022/11/09 v4.1 Extensive control of page headers and footers

\f@nch@headwidth=\skip55
\f@nch@O@elh=\skip56
\f@nch@O@erh=\skip57
\f@nch@O@olh=\skip58
\f@nch@O@orh=\skip59
\f@nch@O@elf=\skip60
\f@nch@O@erf=\skip61
\f@nch@O@olf=\skip62
\f@nch@O@orf=\skip63
)
(C:\Program Files\MiKTeX\tex/generic/babel\babel.sty
Package: babel 2023/09/29 v3.95 The Babel package
\babel@savecnt=\count274
\U@D=\dimen151
\l@unhyphenated=\language79

(C:\Program Files\MiKTeX\tex/generic/babel\txtbabel.def)
\bbl@readstream=\read3
\bbl@dirlevel=\count275

*************************************
* Local config file bblopts.cfg used
*
(C:\Program Files\MiKTeX\tex/latex/arabi\bblopts.cfg
File: bblopts.cfg 2005/09/08 v0.1 add Arabic and Farsi to "declared" options of
 babel
)
(C:\Program Files\MiKTeX\tex/latex/babel-english\english.ldf
Language: english 2017/06/06 v3.3r English support from the babel system
Package babel Info: Hyphen rules for 'canadian' set to \l@english
(babel)             (\language0). Reported on input line 102.
Package babel Info: Hyphen rules for 'australian' set to \l@ukenglish
(babel)             (\language73). Reported on input line 105.
Package babel Info: Hyphen rules for 'newzealand' set to \l@ukenglish
(babel)             (\language73). Reported on input line 108.
))
(C:\Program Files\MiKTeX\tex/generic/babel/locale/en\babel-english.tex
Package babel Info: Importing font and identification data for english
(babel)             from babel-en.ini. Reported on input line 11.
)
(C:\Program Files\MiKTeX\tex/latex/tools\tabularx.sty
Package: tabularx 2020/01/15 v2.11c `tabularx' package (DPC)

(C:\Program Files\MiKTeX\tex/latex/tools\array.sty
Package: array 2022/09/04 v2.5g Tabular extension package (FMi)
\col@sep=\dimen152
\ar@mcellbox=\box54
\extrarowheight=\dimen153
\NC@list=\toks23
\extratabsurround=\skip64
\backup@length=\skip65
\ar@cellbox=\box55
)
\TX@col@width=\dimen154
\TX@old@table=\dimen155
\TX@old@col=\dimen156
\TX@target=\dimen157
\TX@delta=\dimen158
\TX@cols=\count276
\TX@ftn=\toks24
)
(C:\Program Files\MiKTeX\tex/latex/graphics\graphicx.sty
Package: graphicx 2021/09/16 v1.2d Enhanced LaTeX Graphics (DPC,SPQR)

(C:\Program Files\MiKTeX\tex/latex/graphics\graphics.sty
Package: graphics 2022/03/10 v1.4e Standard LaTeX Graphics (DPC,SPQR)

(C:\Program Files\MiKTeX\tex/latex/graphics\trig.sty
Package: trig 2021/08/11 v1.11 sin cos tan (DPC)
)
(C:\Program Files\MiKTeX\tex/latex/graphics-cfg\graphics.cfg
File: graphics.cfg 2016/06/04 v1.11 sample graphics configuration
)
Package graphics Info: Driver file: pdftex.def on input line 107.
)
\Gin@req@height=\dimen159
\Gin@req@width=\dimen160
)
(C:\Users\dinhduc0794\AppData\Roaming\MiKTeX\tex/latex/mwe\mwe.sty
Package: mwe 2018/03/30 v0.5 Package to support minimal working examples (MWE)

(C:\Users\dinhduc0794\AppData\Roaming\MiKTeX\tex/latex/lipsum\lipsum.sty
Package: lipsum 2021-09-20 v2.7 150 paragraphs of Lorem Ipsum dummy text
\g__lipsum_par_int=\count277
\l__lipsum_a_int=\count278
\l__lipsum_b_int=\count279

(C:\Users\dinhduc0794\AppData\Roaming\MiKTeX\tex/latex/lipsum\lipsum.ltd.tex))
(C:\Program Files\MiKTeX\tex/latex/blindtext\blindtext.sty
Package: blindtext 2012/01/06 V2.0 blindtext-Package

(C:\Program Files\MiKTeX\tex/latex/tools\xspace.sty
Package: xspace 2014/10/28 v1.13 Space after command names (DPC,MH)
)
\c@blindtext=\count280
\c@Blindtext=\count281
\c@blind@countparstart=\count282
\blind@countxx=\count283
\blindtext@numBlindtext=\count284
\blind@countyy=\count285
\c@blindlist=\count286
\c@blindlistlevel=\count287
\c@blindlist@level=\count288
\blind@listitem=\count289
\c@blind@listcount=\count290
\c@blind@levelcount=\count291
\blind@mathformula=\count292
\blind@Mathformula=\count293
\c@blind@randomcount=\count294
\c@blind@randommax=\count295
\c@blind@pangramcount=\count296
\c@blind@pangrammax=\count297
))
(C:\Users\dinhduc0794\AppData\Roaming\MiKTeX\tex/latex/wrapfig\wrapfig.sty
\wrapoverhang=\dimen161
\WF@size=\dimen162
\c@WF@wrappedlines=\count298
\WF@box=\box56
\WF@everypar=\toks25
Package: wrapfig 2003/01/31  v 3.6
)
(C:\Program Files\MiKTeX\tex/generic/pdftex\glyphtounicode.tex)
(C:\Users\dinhduc0794\AppData\Roaming\MiKTeX\tex/latex/lato\lato.sty
Package: lato 2019/06/20 Style file for Lato.

(C:\Users\dinhduc0794\AppData\Roaming\MiKTeX\tex/latex/fontaxes\fontaxes.sty
Package: fontaxes 2020/07/21 v1.0e Font selection axes
LaTeX Info: Redefining \upshape on input line 29.
LaTeX Info: Redefining \itshape on input line 31.
LaTeX Info: Redefining \slshape on input line 33.
LaTeX Info: Redefining \swshape on input line 35.
LaTeX Info: Redefining \scshape on input line 37.
LaTeX Info: Redefining \sscshape on input line 39.
LaTeX Info: Redefining \ulcshape on input line 41.
LaTeX Info: Redefining \textsw on input line 47.
LaTeX Info: Redefining \textssc on input line 48.
LaTeX Info: Redefining \textulc on input line 49.
)
(C:\Program Files\MiKTeX\tex/generic/iftex\ifluatex.sty
Package: ifluatex 2019/10/25 v1.5 ifluatex legacy package. Use iftex instead.
)
(C:\Program Files\MiKTeX\tex/generic/iftex\ifxetex.sty
Package: ifxetex 2019/10/25 v0.7 ifxetex legacy package. Use iftex instead.
)
(C:\Program Files\MiKTeX\tex/latex/xkeyval\xkeyval.sty
Package: xkeyval 2022/06/16 v2.9 package option processing (HA)

(C:\Program Files\MiKTeX\tex/generic/xkeyval\xkeyval.tex
(C:\Program Files\MiKTeX\tex/generic/xkeyval\xkvutils.tex
\XKV@toks=\toks26
\XKV@tempa@toks=\toks27
)
\XKV@depth=\count299
File: xkeyval.tex 2014/12/03 v2.7a key=value parser (HA)
)))
LaTeX Font Info:    Trying to load font information for OT1+lato-TLF on input l
ine 64.

(C:\Users\dinhduc0794\AppData\Roaming\MiKTeX\tex/latex/lato\ot1lato-tlf.fd
File: OT1lato-TLF.fd 2019/06/24 Font definitions for OT1/lato-TLF.
)
LaTeX Font Info:    Font shape `OT1/lato-TLF/m/n' will be
(Font)              scaled to size 10.95pt on input line 64.

(resume.aux (custom-commands.aux))
\openout1 = `resume.aux'.

LaTeX Font Info:    Checking defaults for OML/cmm/m/it on input line 64.
LaTeX Font Info:    ... okay on input line 64.
LaTeX Font Info:    Checking defaults for OMS/cmsy/m/n on input line 64.
LaTeX Font Info:    ... okay on input line 64.
LaTeX Font Info:    Checking defaults for OT1/cmr/m/n on input line 64.
LaTeX Font Info:    ... okay on input line 64.
LaTeX Font Info:    Checking defaults for T1/cmr/m/n on input line 64.
LaTeX Font Info:    ... okay on input line 64.
LaTeX Font Info:    Checking defaults for TS1/cmr/m/n on input line 64.
LaTeX Font Info:    ... okay on input line 64.
LaTeX Font Info:    Checking defaults for OMX/cmex/m/n on input line 64.
LaTeX Font Info:    ... okay on input line 64.
LaTeX Font Info:    Checking defaults for U/cmr/m/n on input line 64.
LaTeX Font Info:    ... okay on input line 64.
LaTeX Font Info:    Checking defaults for PD1/pdf/m/n on input line 64.
LaTeX Font Info:    ... okay on input line 64.
LaTeX Font Info:    Checking defaults for PU/pdf/m/n on input line 64.
LaTeX Font Info:    ... okay on input line 64.

(C:\Program Files\MiKTeX\tex/context/base/mkii\supp-pdf.mkii
[Loading MPS to PDF converter (version 2006.09.02).]
\scratchcounter=\count300
\scratchdimen=\dimen163
\scratchbox=\box57
\nofMPsegments=\count301
\nofMParguments=\count302
\everyMPshowfont=\toks28
\MPscratchCnt=\count303
\MPscratchDim=\dimen164
\MPnumerator=\count304
\makeMPintoPDFobject=\count305
\everyMPtoPDFconversion=\toks29
) (C:\Program Files\MiKTeX\tex/latex/epstopdf-pkg\epstopdf-base.sty
Package: epstopdf-base 2020-01-24 v2.11 Base part for package epstopdf
Package epstopdf-base Info: Redefining graphics rule for `.eps' on input line 4
85.

(C:\Program Files\MiKTeX\tex/latex/00miktex\epstopdf-sys.cfg
File: epstopdf-sys.cfg 2021/03/18 v2.0 Configuration of epstopdf for MiKTeX
))
Package hyperref Info: Link coloring OFF on input line 64.
 (resume.out)
(resume.out)
\@outlinefile=\write3
\openout3 = `resume.out'.

\c@mv@tabular=\count306
\c@mv@boldtabular=\count307
\openout2 = `custom-commands.aux'.

 (custom-commands.tex
Package color Info: Redefining color Black on input line 40.
) (src/heading.tex
(C:\Program Files\MiKTeX\tex/latex/base\ulasy.fd)
(C:\Users\dinhduc0794\AppData\Roaming\MiKTeX\tex/latex/fontawesome5\ufontawesom
efree2.fd)
(C:\Users\dinhduc0794\AppData\Roaming\MiKTeX\tex/latex/fontawesome5\ufontawesom
efree1.fd)
(C:\Users\dinhduc0794\AppData\Roaming\MiKTeX\tex/latex/fontawesome5\ufontawesom
ebrands0.fd)
Overfull \hbox (85.35828pt too wide) in paragraph at lines 15--15
[]|[]| 
 []

File: profile3.jpg Graphic file (type jpg)
<use profile3.jpg>
Package pdftex.def Info: profile3.jpg  used on input line 15.
(pdftex.def)             Requested size: 85.35826pt x 85.3439pt.
) (src/summary.tex

LaTeX Font Warning: Font shape `OT1/lato-TLF/m/sc' undefined
(Font)              using `OT1/lato-TLF/m/n' instead on input line 2.

LaTeX Font Info:    Font shape `OT1/lato-TLF/m/sc' will be
(Font)              scaled to size 12.0pt on input line 2.
) (src/education.tex
LaTeX Font Info:    Font shape `OT1/lato-TLF/m/sc' will be
(Font)              scaled to size 10.95pt on input line 2.
<HCMUT_official_logo.png, id=33, 289.08pt x 291.9708pt>
File: HCMUT_official_logo.png Graphic file (type png)
<use HCMUT_official_logo.png>
Package pdftex.def Info: HCMUT_official_logo.png  used on input line 7.
(pdftex.def)             Requested size: 14.08432pt x 14.22636pt.
LaTeX Font Info:    Font shape `OT1/lato-TLF/m/it' will be
(Font)              scaled to size 10.95pt on input line 7.
LaTeX Font Info:    Font shape `OT1/lato-TLF/m/it' will be
(Font)              scaled to size 10.0pt on input line 7.
LaTeX Font Info:    Font shape `OT1/lato-TLF/b/it' will be
(Font)              scaled to size 10.0pt on input line 7.
) (src/certifications.tex
LaTeX Font Info:    Font shape `OT1/lato-TLF/b/n' will be
(Font)              scaled to size 10.0pt on input line 5.
) (src/skills.tex
LaTeX Font Info:    Font shape `OT1/lato-TLF/m/n' will be
(Font)              scaled to size 6.0pt on input line 9.
)
(src/projects.tex
LaTeX Font Info:    Trying to load font information for TS1+lato-TLF on input l
ine 15.

(C:\Users\dinhduc0794\AppData\Roaming\MiKTeX\tex/latex/lato\ts1lato-tlf.fd
File: TS1lato-TLF.fd 2019/06/24 Font definitions for TS1/lato-TLF.
)
LaTeX Font Info:    Font shape `TS1/lato-TLF/m/n' will be
(Font)              scaled to size 10.0pt on input line 15.


Package fancyhdr Warning: \footskip is too small (0.0pt): 
(fancyhdr)                Make it at least 4.08003pt, for example:
(fancyhdr)                \setlength{\footskip}{4.08003pt}.

[1




{C:/Users/dinhduc0794/AppData/Local/MiKTeX/fonts/map/pdftex/pdftex.map}{C:/User
s/dinhduc0794/AppData/Roaming/MiKTeX/fonts/enc/dvips/lato/a_y72t7m.enc}{C:/User
s/dinhduc0794/AppData/Roaming/MiKTeX/fonts/enc/dvips/fontawesome5/fa5free2.enc}
{C:/Users/dinhduc0794/AppData/Roaming/MiKTeX/fonts/enc/dvips/fontawesome5/fa5fr
ee1.enc}{C:/Users/dinhduc0794/AppData/Roaming/MiKTeX/fonts/enc/dvips/fontawesom
e5/fa5brands0.enc}{C:/Users/dinhduc0794/AppData/Roaming/MiKTeX/fonts/enc/dvips/
lato/a_vc7epu.enc}{C:/Users/dinhduc0794/AppData/Roaming/MiKTeX/fonts/enc/dvips/
lato/a_rt66h3.enc} <./profile3.jpg> <./HCMUT_official_logo.png>])

Package fancyhdr Warning: \footskip is too small (0.0pt): 
(fancyhdr)                Make it at least 4.08003pt, for example:
(fancyhdr)                \setlength{\footskip}{4.08003pt}.

[2] (resume.aux (custom-commands.aux))
 ***********
LaTeX2e <2023-06-01> patch level 1
L3 programming layer <2023-08-29>
 ***********


LaTeX Font Warning: Some font shapes were not available, defaults substituted.

Package rerunfilecheck Info: File `resume.out' has not changed.
(rerunfilecheck)             Checksum: C5E639893AAC795A8879223CF4099414;488.
 ) 
Here is how much of TeX's memory you used:
 15508 strings out of 475248
 272462 string characters out of 5767610
 1948785 words of memory out of 5000000
 36758 multiletter control sequences out of 15000+600000
 604637 words of font info for 74 fonts, out of 8000000 for 9000
 1141 hyphenation exceptions out of 8191
 75i,13n,84p,451b,842s stack positions out of 10000i,1000n,20000p,200000b,200000s
<C:/Users/dinhduc0794/AppData/Roaming/MiKTeX/fonts/type1/public/fontawesome5/
FontAwesome5Brands-Regular.pfb><C:/Users/dinhduc0794/AppData/Roaming/MiKTeX/fon
ts/type1/public/fontawesome5/FontAwesome5Free-Solid.pfb><C:/Users/dinhduc0794/A
ppData/Roaming/MiKTeX/fonts/type1/typoland/lato/Lato-Bold.pfb><C:/Users/dinhduc
0794/AppData/Roaming/MiKTeX/fonts/type1/typoland/lato/Lato-BoldItalic.pfb><C:/U
sers/dinhduc0794/AppData/Roaming/MiKTeX/fonts/type1/typoland/lato/Lato-Italic.p
fb><C:/Users/dinhduc0794/AppData/Roaming/MiKTeX/fonts/type1/typoland/lato/Lato-
Regular.pfb><C:/Program Files/MiKTeX/fonts/type1/public/amsfonts/cm/cmsy10.pfb>
<C:/Program Files/MiKTeX/fonts/type1/public/amsfonts/cm/cmsy6.pfb>
Output written on resume.pdf (2 pages, 502083 bytes).
PDF statistics:
 110 PDF objects out of 1000 (max. 8388607)
 8 named destinations out of 1000 (max. 500000)
 51 words of extra memory for PDF output out of 10000 (max. 10000000)

